2025-04-14 20:02:21,028 - app - INFO - Обработка запроса главной страницы
2025-04-14 20:02:23,104 - app - INFO - Успешно получено файлов: 3
2025-04-14 20:03:41,839 - app - INFO - Начало обработки загрузки файла
2025-04-14 20:03:41,841 - app - INFO - Временный файл сохранен: temp_uploads\file5.txt
2025-04-14 20:03:43,946 - app - INFO - Файл загружен. ID: 77741a43-8040-4a6c-aeb0-7dd1bcdbafff
2025-04-14 20:03:43,954 - app - INFO - Обработка запроса главной страницы
2025-04-14 20:03:46,008 - app - INFO - Успешно получено файлов: 4
2025-04-14 20:04:24,593 - app - INFO - Запрос информации о файле: 77741a43-8040-4a6c-aeb0-7dd1bcdbafff
2025-04-14 20:04:26,651 - app - INFO - Получены данные файла: file5.txt
2025-04-14 20:04:33,281 - app - INFO - Обработка запроса главной страницы
2025-04-14 20:04:35,333 - app - INFO - Успешно получено файлов: 4
2025-04-14 20:04:38,162 - app - INFO - Запрос информации о файле: b470dadd-609d-4b65-a5cb-5ed8f3ae68da
2025-04-14 20:04:40,227 - app - INFO - Получены данные файла: file4.txt
2025-04-14 20:04:48,217 - app - INFO - Запрос сканирования файла: 77741a43-8040-4a6c-aeb0-7dd1bcdbafff
2025-04-14 20:04:50,284 - app - INFO - Сканирование завершено: 77741a43-8040-4a6c-aeb0-7dd1bcdbafff
2025-04-14 20:05:02,858 - app - INFO - Запрос информации о файле: 77741a43-8040-4a6c-aeb0-7dd1bcdbafff
2025-04-14 20:05:04,932 - app - INFO - Получены данные файла: file5.txt
2025-04-14 20:05:07,521 - app - INFO - Обработка запроса главной страницы
2025-04-14 20:05:09,581 - app - INFO - Успешно получено файлов: 4
2025-04-14 20:05:12,698 - app - INFO - Запрос списка сигнатур
2025-04-14 20:05:14,778 - app - INFO - Получено сигнатур: 3
2025-04-14 20:05:36,313 - app - INFO - Запрос списка сигнатур
2025-04-14 20:05:38,371 - app - INFO - Получено сигнатур: 3
2025-04-14 20:06:06,491 - app - INFO - Запрос истории изменений
2025-04-14 20:06:19,617 - app - INFO - Запрос истории изменений
2025-04-14 20:06:23,656 - app - INFO - Запрос журнала аудита
2025-04-14 20:06:25,708 - app - INFO - Получено записей аудита: 6
2025-04-14 20:06:31,013 - app - INFO - Запрос журнала аудита
2025-04-14 20:06:33,050 - app - INFO - Получено записей аудита: 1
2025-04-14 20:06:35,684 - app - INFO - Обработка запроса главной страницы
2025-04-14 20:06:37,751 - app - INFO - Успешно получено файлов: 4
2025-04-14 20:08:12,463 - app - INFO - Обработка запроса главной страницы
2025-04-14 20:08:14,528 - app - INFO - Успешно получено файлов: 5
2025-04-14 20:09:57,726 - app - INFO - Запрос списка сигнатур
2025-04-14 20:09:59,780 - app - INFO - Получено сигнатур: 3
2025-04-14 20:15:58,260 - app - INFO - Обработка запроса главной страницы
2025-04-14 20:16:00,301 - app - INFO - Успешно получено файлов: 5
2025-04-14 20:16:01,946 - app - INFO - Запрос информации о файле: 77741a43-8040-4a6c-aeb0-7dd1bcdbafff
2025-04-14 20:16:04,018 - app - INFO - Получены данные файла: file5.txt
